<?xml version="1.0" encoding="UTF-8"?>
<testng-results ignored="0" total="1" passed="1" failed="0" skipped="0">
  <reporter-output>
  </reporter-output>
  <suite started-at="2019-11-20T13:57:21Z" name="Suite" finished-at="2019-11-20T13:57:44Z" duration-ms="22891">
    <groups>
    </groups>
    <test started-at="2019-11-20T13:57:21Z" name="Test" finished-at="2019-11-20T13:57:44Z" duration-ms="22891">
      <class name="testcases.Active_Element">
        <test-method signature="opengoogle()[pri:0, instance:testcases.Active_Element@2de23121]" started-at="2019-11-20T13:57:21Z" name="opengoogle" finished-at="2019-11-20T13:57:44Z" duration-ms="22861" status="PASS">
          <reporter-output>
          </reporter-output>
        </test-method> <!-- opengoogle -->
      </class> <!-- testcases.Active_Element -->
    </test> <!-- Test -->
  </suite> <!-- Suite -->
</testng-results>
